<?xml version="1.0" encoding="UTF-8"?>
<testng-results skipped="0" failed="0" ignored="0" total="1" passed="1">
  <reporter-output>
    <line>
      <![CDATA[cell valueadmin]]>
    </line>
    <line>
      <![CDATA[cell valuemanager]]>
    </line>
    <line>
      <![CDATA[cell valueEnter]]>
    </line>
    <line>
      <![CDATA[home page displayed]]>
    </line>
    <line>
      <![CDATA[testValidLoginis passed]]>
    </line>
  </reporter-output>
  <suite name="Default suite" duration-ms="33418" started-at="2019-09-24T21:08:48 IST" finished-at="2019-09-24T21:09:22 IST">
    <groups>
    </groups>
    <test name="Default test" duration-ms="33418" started-at="2019-09-24T21:08:48 IST" finished-at="2019-09-24T21:09:22 IST">
      <class name="TestPOM.TestValidLogin">
        <test-method status="PASS" signature="openApp()[pri:0, instance:TestPOM.TestValidLogin@610694f1]" name="openApp" is-config="true" duration-ms="21108" started-at="2019-09-24T21:08:48 IST" finished-at="2019-09-24T21:09:09 IST">
          <reporter-output>
          </reporter-output>
        </test-method> <!-- openApp -->
        <test-method status="PASS" signature="testValidLogin()[pri:0, instance:TestPOM.TestValidLogin@610694f1]" name="testValidLogin" duration-ms="9613" started-at="2019-09-24T21:09:09 IST" finished-at="2019-09-24T21:09:19 IST">
          <reporter-output>
            <line>
              <![CDATA[cell valueadmin]]>
            </line>
            <line>
              <![CDATA[cell valuemanager]]>
            </line>
            <line>
              <![CDATA[cell valueEnter]]>
            </line>
            <line>
              <![CDATA[home page displayed]]>
            </line>
          </reporter-output>
        </test-method> <!-- testValidLogin -->
        <test-method status="PASS" signature="closeApp(org.testng.ITestResult)[pri:0, instance:TestPOM.TestValidLogin@610694f1]" name="closeApp" is-config="true" duration-ms="2569" started-at="2019-09-24T21:09:19 IST" finished-at="2019-09-24T21:09:21 IST">
          <params>
            <param index="0">
              <value>
                <![CDATA[[TestResult name=testValidLogin status=SUCCESS method=TestValidLogin.testValidLogin()[pri:0, instance:TestPOM.TestValidLogin@610694f1] output=cell valueadmin]]]>
              </value>
            </param>
          </params>
          <reporter-output>
            <line>
              <![CDATA[testValidLoginis passed]]>
            </line>
          </reporter-output>
        </test-method> <!-- closeApp -->
      </class> <!-- TestPOM.TestValidLogin -->
    </test> <!-- Default test -->
  </suite> <!-- Default suite -->
</testng-results>
